2020-10-20 18:09:57.515  INFO 19156 --- [main] com.example.xb.XbApplication             : No active profile set, falling back to default profiles: default
2020-10-20 18:09:58.160  INFO 19156 --- [main] .s.d.r.c.RepositoryConfigurationDelegate : Multiple Spring Data modules found, entering strict repository configuration mode!
2020-10-20 18:09:58.162  INFO 19156 --- [main] .s.d.r.c.RepositoryConfigurationDelegate : Bootstrapping Spring Data Redis repositories in DEFAULT mode.
2020-10-20 18:09:58.183  INFO 19156 --- [main] .s.d.r.c.RepositoryConfigurationDelegate : Finished Spring Data repository scanning in 9ms. Found 0 Redis repository interfaces.
2020-10-20 18:09:58.316  INFO 19156 --- [main] o.s.cloud.context.scope.GenericScope     : BeanFactory id=590d2c71-400a-3d79-9b58-156247abcf1f
2020-10-20 18:09:58.359  INFO 19156 --- [main] trationDelegate$BeanPostProcessorChecker : Bean 'redisConfig' of type [com.example.xb.config.RedisConfig$$EnhancerBySpringCGLIB$$3116b344] is not eligible for getting processed by all BeanPostProcessors (for example: not eligible for auto-proxying)
2020-10-20 18:09:58.398  INFO 19156 --- [main] trationDelegate$BeanPostProcessorChecker : Bean 'org.springframework.security.access.expression.method.DefaultMethodSecurityExpressionHandler@5d1b9c3d' of type [org.springframework.security.access.expression.method.DefaultMethodSecurityExpressionHandler] is not eligible for getting processed by all BeanPostProcessors (for example: not eligible for auto-proxying)
2020-10-20 18:09:58.403  INFO 19156 --- [main] trationDelegate$BeanPostProcessorChecker : Bean 'methodSecurityMetadataSource' of type [org.springframework.security.access.method.DelegatingMethodSecurityMetadataSource] is not eligible for getting processed by all BeanPostProcessors (for example: not eligible for auto-proxying)
2020-10-20 18:09:58.433  INFO 19156 --- [main] trationDelegate$BeanPostProcessorChecker : Bean 'org.springframework.cloud.autoconfigure.ConfigurationPropertiesRebinderAutoConfiguration' of type [org.springframework.cloud.autoconfigure.ConfigurationPropertiesRebinderAutoConfiguration$$EnhancerBySpringCGLIB$$87091638] is not eligible for getting processed by all BeanPostProcessors (for example: not eligible for auto-proxying)
2020-10-20 18:09:58.630  INFO 19156 --- [main] o.s.b.w.embedded.tomcat.TomcatWebServer  : Tomcat initialized with port(s): 8099 (http)
2020-10-20 18:09:58.639  INFO 19156 --- [main] o.apache.catalina.core.StandardService   : Starting service [Tomcat]
2020-10-20 18:09:58.639  INFO 19156 --- [main] org.apache.catalina.core.StandardEngine  : Starting Servlet engine: [Apache Tomcat/9.0.38]
2020-10-20 18:09:58.716  INFO 19156 --- [main] o.a.c.c.C.[Tomcat].[localhost].[/]       : Initializing Spring embedded WebApplicationContext
2020-10-20 18:09:58.716  INFO 19156 --- [main] w.s.c.ServletWebServerApplicationContext : Root WebApplicationContext: initialization completed in 1180 ms
2020-10-20 18:09:59.819  INFO 19156 --- [main] o.s.s.web.DefaultSecurityFilterChain     : Creating filter chain: any request, [org.springframework.security.web.context.request.async.WebAsyncManagerIntegrationFilter@88b76f2, org.springframework.security.web.context.SecurityContextPersistenceFilter@5b35c7d, org.springframework.security.web.header.HeaderWriterFilter@2ba42204, org.springframework.security.web.authentication.logout.LogoutFilter@611e5819, org.springframework.security.web.authentication.UsernamePasswordAuthenticationFilter@93501be, org.springframework.security.web.authentication.ui.DefaultLoginPageGeneratingFilter@5f726750, org.springframework.security.web.authentication.ui.DefaultLogoutPageGeneratingFilter@1b4872bc, org.springframework.security.web.authentication.www.BasicAuthenticationFilter@7a083b96, org.springframework.security.web.savedrequest.RequestCacheAwareFilter@4c731956, org.springframework.security.web.servletapi.SecurityContextHolderAwareRequestFilter@2b6c7012, org.springframework.security.web.authentication.AnonymousAuthenticationFilter@498a612d, org.springframework.security.web.session.SessionManagementFilter@27585351, org.springframework.security.web.access.ExceptionTranslationFilter@4b87074a, org.springframework.security.web.access.intercept.FilterSecurityInterceptor@54af3cb9]
2020-10-20 18:09:59.849  INFO 19156 --- [main] pertySourcedRequestMappingHandlerMapping : Mapped URL path [/api-docs] onto method [springfox.documentation.swagger2.web.Swagger2Controller#getDocumentation(String, HttpServletRequest)]
2020-10-20 18:09:59.966  INFO 19156 --- [main] o.s.s.concurrent.ThreadPoolTaskExecutor  : Initializing ExecutorService 'applicationTaskExecutor'
2020-10-20 18:10:00.134  WARN 19156 --- [main] ion$DefaultTemplateResolverConfiguration : Cannot find template location: classpath:/templates/ (please add some templates or check your Thymeleaf configuration)
2020-10-20 18:10:00.402  INFO 19156 --- [main] o.s.b.w.embedded.tomcat.TomcatWebServer  : Tomcat started on port(s): 8099 (http) with context path ''
2020-10-20 18:10:00.403  INFO 19156 --- [main] d.s.w.p.DocumentationPluginsBootstrapper : Context refreshed
2020-10-20 18:10:00.417  INFO 19156 --- [main] d.s.w.p.DocumentationPluginsBootstrapper : Found 1 custom documentation plugin(s)
2020-10-20 18:10:00.444  INFO 19156 --- [main] s.d.s.w.s.ApiListingReferenceScanner     : Scanning for api listing references
2020-10-20 18:10:00.544  INFO 19156 --- [main] com.example.xb.XbApplication             : Started XbApplication in 3.983 seconds (JVM running for 4.654)
2020-10-20 18:10:07.118  INFO 19156 --- [http-nio-8099-exec-1] o.a.c.c.C.[Tomcat].[localhost].[/]       : Initializing Spring DispatcherServlet 'dispatcherServlet'
2020-10-20 18:10:07.118  INFO 19156 --- [http-nio-8099-exec-1] o.s.web.servlet.DispatcherServlet        : Initializing Servlet 'dispatcherServlet'
2020-10-20 18:10:07.125  INFO 19156 --- [http-nio-8099-exec-1] o.s.web.servlet.DispatcherServlet        : Completed initialization in 6 ms
2020-10-20 18:10:07.239  INFO 19156 --- [http-nio-8099-exec-1] com.zaxxer.hikari.HikariDataSource       : HikariPool-1 - Starting...
2020-10-20 18:10:07.668  INFO 19156 --- [http-nio-8099-exec-1] com.zaxxer.hikari.HikariDataSource       : HikariPool-1 - Start completed.
2020-10-20 18:10:07.675 DEBUG 19156 --- [http-nio-8099-exec-1] c.e.x.m.UserMapper.selectUserList_COUNT  : ==>  Preparing: SELECT count(0) FROM user WHERE user.status = '0'
2020-10-20 18:10:07.695 DEBUG 19156 --- [http-nio-8099-exec-1] c.e.x.m.UserMapper.selectUserList_COUNT  : ==> Parameters: 
2020-10-20 18:10:07.713 DEBUG 19156 --- [http-nio-8099-exec-1] c.e.x.m.UserMapper.selectUserList_COUNT  : <==      Total: 1
2020-10-20 18:10:07.719 DEBUG 19156 --- [http-nio-8099-exec-1] c.e.xb.mapper.UserMapper.selectUserList  : ==>  Preparing: select * from user WHERE user.status = '0' LIMIT ?, ?
2020-10-20 18:10:07.720 DEBUG 19156 --- [http-nio-8099-exec-1] c.e.xb.mapper.UserMapper.selectUserList  : ==> Parameters: 10(Long), 10(Integer)
2020-10-20 18:10:07.722 DEBUG 19156 --- [http-nio-8099-exec-1] c.e.xb.mapper.UserMapper.selectUserList  : <==      Total: 1
2020-10-20 18:42:59.421  INFO 12716 --- [main] com.example.xb.XbApplication             : No active profile set, falling back to default profiles: default
2020-10-20 18:43:00.031  INFO 12716 --- [main] .s.d.r.c.RepositoryConfigurationDelegate : Multiple Spring Data modules found, entering strict repository configuration mode!
2020-10-20 18:43:00.033  INFO 12716 --- [main] .s.d.r.c.RepositoryConfigurationDelegate : Bootstrapping Spring Data Redis repositories in DEFAULT mode.
2020-10-20 18:43:00.054  INFO 12716 --- [main] .s.d.r.c.RepositoryConfigurationDelegate : Finished Spring Data repository scanning in 10ms. Found 0 Redis repository interfaces.
2020-10-20 18:43:00.176  INFO 12716 --- [main] o.s.cloud.context.scope.GenericScope     : BeanFactory id=590d2c71-400a-3d79-9b58-156247abcf1f
2020-10-20 18:43:00.217  INFO 12716 --- [main] trationDelegate$BeanPostProcessorChecker : Bean 'redisConfig' of type [com.example.xb.config.RedisConfig$$EnhancerBySpringCGLIB$$3116b344] is not eligible for getting processed by all BeanPostProcessors (for example: not eligible for auto-proxying)
2020-10-20 18:43:00.254  INFO 12716 --- [main] trationDelegate$BeanPostProcessorChecker : Bean 'org.springframework.security.access.expression.method.DefaultMethodSecurityExpressionHandler@32f0c7f8' of type [org.springframework.security.access.expression.method.DefaultMethodSecurityExpressionHandler] is not eligible for getting processed by all BeanPostProcessors (for example: not eligible for auto-proxying)
2020-10-20 18:43:00.260  INFO 12716 --- [main] trationDelegate$BeanPostProcessorChecker : Bean 'methodSecurityMetadataSource' of type [org.springframework.security.access.method.DelegatingMethodSecurityMetadataSource] is not eligible for getting processed by all BeanPostProcessors (for example: not eligible for auto-proxying)
2020-10-20 18:43:00.290  INFO 12716 --- [main] trationDelegate$BeanPostProcessorChecker : Bean 'org.springframework.cloud.autoconfigure.ConfigurationPropertiesRebinderAutoConfiguration' of type [org.springframework.cloud.autoconfigure.ConfigurationPropertiesRebinderAutoConfiguration$$EnhancerBySpringCGLIB$$87091638] is not eligible for getting processed by all BeanPostProcessors (for example: not eligible for auto-proxying)
2020-10-20 18:43:00.482  INFO 12716 --- [main] o.s.b.w.embedded.tomcat.TomcatWebServer  : Tomcat initialized with port(s): 8099 (http)
2020-10-20 18:43:00.490  INFO 12716 --- [main] o.apache.catalina.core.StandardService   : Starting service [Tomcat]
2020-10-20 18:43:00.490  INFO 12716 --- [main] org.apache.catalina.core.StandardEngine  : Starting Servlet engine: [Apache Tomcat/9.0.38]
2020-10-20 18:43:00.561  INFO 12716 --- [main] o.a.c.c.C.[Tomcat].[localhost].[/]       : Initializing Spring embedded WebApplicationContext
2020-10-20 18:43:00.562  INFO 12716 --- [main] w.s.c.ServletWebServerApplicationContext : Root WebApplicationContext: initialization completed in 1129 ms
2020-10-20 18:43:01.506  INFO 12716 --- [main] o.s.s.web.DefaultSecurityFilterChain     : Creating filter chain: any request, [org.springframework.security.web.context.request.async.WebAsyncManagerIntegrationFilter@88b76f2, org.springframework.security.web.context.SecurityContextPersistenceFilter@5b35c7d, org.springframework.security.web.header.HeaderWriterFilter@2ba42204, org.springframework.security.web.authentication.logout.LogoutFilter@611e5819, org.springframework.security.web.authentication.UsernamePasswordAuthenticationFilter@93501be, org.springframework.security.web.authentication.ui.DefaultLoginPageGeneratingFilter@5f726750, org.springframework.security.web.authentication.ui.DefaultLogoutPageGeneratingFilter@1b4872bc, org.springframework.security.web.authentication.www.BasicAuthenticationFilter@7a083b96, org.springframework.security.web.savedrequest.RequestCacheAwareFilter@4c731956, org.springframework.security.web.servletapi.SecurityContextHolderAwareRequestFilter@2b6c7012, org.springframework.security.web.authentication.AnonymousAuthenticationFilter@498a612d, org.springframework.security.web.session.SessionManagementFilter@27585351, org.springframework.security.web.access.ExceptionTranslationFilter@4b87074a, org.springframework.security.web.access.intercept.FilterSecurityInterceptor@54af3cb9]
2020-10-20 18:43:01.531  INFO 12716 --- [main] pertySourcedRequestMappingHandlerMapping : Mapped URL path [/api-docs] onto method [springfox.documentation.swagger2.web.Swagger2Controller#getDocumentation(String, HttpServletRequest)]
2020-10-20 18:43:01.634  INFO 12716 --- [main] o.s.s.concurrent.ThreadPoolTaskExecutor  : Initializing ExecutorService 'applicationTaskExecutor'
2020-10-20 18:43:01.771  WARN 12716 --- [main] ion$DefaultTemplateResolverConfiguration : Cannot find template location: classpath:/templates/ (please add some templates or check your Thymeleaf configuration)
2020-10-20 18:43:02.026  INFO 12716 --- [main] o.s.b.w.embedded.tomcat.TomcatWebServer  : Tomcat started on port(s): 8099 (http) with context path ''
2020-10-20 18:43:02.027  INFO 12716 --- [main] d.s.w.p.DocumentationPluginsBootstrapper : Context refreshed
2020-10-20 18:43:02.041  INFO 12716 --- [main] d.s.w.p.DocumentationPluginsBootstrapper : Found 1 custom documentation plugin(s)
2020-10-20 18:43:02.066  INFO 12716 --- [main] s.d.s.w.s.ApiListingReferenceScanner     : Scanning for api listing references
2020-10-20 18:43:02.163  INFO 12716 --- [main] com.example.xb.XbApplication             : Started XbApplication in 3.577 seconds (JVM running for 4.265)
2020-10-20 18:44:42.841  INFO 12716 --- [http-nio-8099-exec-1] o.a.c.c.C.[Tomcat].[localhost].[/]       : Initializing Spring DispatcherServlet 'dispatcherServlet'
2020-10-20 18:44:42.841  INFO 12716 --- [http-nio-8099-exec-1] o.s.web.servlet.DispatcherServlet        : Initializing Servlet 'dispatcherServlet'
2020-10-20 18:44:42.848  INFO 12716 --- [http-nio-8099-exec-1] o.s.web.servlet.DispatcherServlet        : Completed initialization in 7 ms
2020-10-20 18:44:42.959  INFO 12716 --- [http-nio-8099-exec-1] com.zaxxer.hikari.HikariDataSource       : HikariPool-1 - Starting...
2020-10-20 18:44:43.408  INFO 12716 --- [http-nio-8099-exec-1] com.zaxxer.hikari.HikariDataSource       : HikariPool-1 - Start completed.
2020-10-20 18:44:43.416 DEBUG 12716 --- [http-nio-8099-exec-1] c.e.x.m.UserMapper.selectUserList_COUNT  : ==>  Preparing: SELECT count(0) FROM user WHERE user.status = '0'
2020-10-20 18:44:43.439 DEBUG 12716 --- [http-nio-8099-exec-1] c.e.x.m.UserMapper.selectUserList_COUNT  : ==> Parameters: 
2020-10-20 18:44:43.458 DEBUG 12716 --- [http-nio-8099-exec-1] c.e.x.m.UserMapper.selectUserList_COUNT  : <==      Total: 1
2020-10-20 18:44:43.466 DEBUG 12716 --- [http-nio-8099-exec-1] c.e.xb.mapper.UserMapper.selectUserList  : ==>  Preparing: select * from user WHERE user.status = '0' LIMIT ?, ?
2020-10-20 18:44:43.467 DEBUG 12716 --- [http-nio-8099-exec-1] c.e.xb.mapper.UserMapper.selectUserList  : ==> Parameters: 10(Long), 10(Integer)
2020-10-20 18:44:43.469 DEBUG 12716 --- [http-nio-8099-exec-1] c.e.xb.mapper.UserMapper.selectUserList  : <==      Total: 1
